
Сгенерированные задачи (rj, tj):
[(60, 3), (49, 10), (10, 8), (37, 5), (36, 1), (31, 5), (39, 8), (50, 7), (19, 7), (34, 9), (10, 8), (60, 8), (40, 2), (31, 1), (26, 3), (25, 2), (47, 3), (31, 4), (19, 8), (26, 5), (13, 3), (30, 4), (22, 1), (30, 9), (45, 10), (2, 4), (51, 1), (26, 3), (20, 8), (39, 1), (40, 10), (31, 7), (7, 3), (38, 1), (46, 7), (45, 1), (60, 6), (9, 3), (13, 10), (19, 6), (47, 1), (10, 9), (48, 3), (20, 8), (36, 9), (64, 8), (62, 3), (8, 7), (6, 4), (10, 4), (3, 7), (1, 10), (7, 10), (43, 8), (44, 2), (59, 3), (28, 6), (10, 7), (26, 8), (14, 5), (52, 2), (54, 6), (60, 8), (6, 1), (10, 10), (2, 5), (41, 8), (45, 8), (38, 2), (57, 6), (5, 2), (36, 6), (55, 4), (13, 1), (39, 3), (55, 8), (47, 8), (6, 4), (20, 10), (63, 7), (8, 5), (19, 3), (20, 7), (28, 2), (8, 1), (61, 8), (6, 7), (27, 8), (47, 9), (64, 6), (58, 9), (20, 10), (54, 2), (48, 10), (23, 7), (23, 2), (28, 2), (20, 2), (6, 4), (23, 10)]

Контейнеры после FFD:
Контейнер 1: [(64, 8)]
Контейнер 2: [(64, 6)]
Контейнер 3: [(63, 7), (1, 10)]
Контейнер 4: [(62, 3), (2, 4)]
Контейнер 5: [(61, 8), (3, 7)]
Контейнер 6: [(60, 3), (2, 5)]
Контейнер 7: [(60, 8)]
Контейнер 8: [(60, 6)]
Контейнер 9: [(60, 8)]
Контейнер 10: [(59, 3), (5, 2)]
Контейнер 11: [(58, 9), (6, 4)]
Контейнер 12: [(57, 6), (7, 3)]
Контейнер 13: [(55, 4), (9, 3)]
Контейнер 14: [(55, 8), (8, 7)]
Контейнер 15: [(54, 6), (10, 8)]
Контейнер 16: [(54, 2), (10, 8)]
Контейнер 17: [(52, 2), (10, 9)]
Контейнер 18: [(51, 1), (13, 3)]
Контейнер 19: [(50, 7), (14, 5)]
Контейнер 20: [(49, 10), (13, 10)]
Контейнер 21: [(48, 3), (13, 1)]
Контейнер 22: [(48, 10), (10, 4), (6, 1)]
Контейнер 23: [(47, 3), (10, 7), (7, 10)]
Контейнер 24: [(47, 1), (10, 10), (6, 4)]
Контейнер 25: [(47, 8), (8, 5), (8, 1)]
Контейнер 26: [(47, 9), (6, 7), (6, 4)]
Контейнер 27: [(46, 7)]
Контейнер 28: [(45, 10), (19, 7)]
Контейнер 29: [(45, 1), (19, 8)]
Контейнер 30: [(45, 8), (19, 6)]
Контейнер 31: [(44, 2), (20, 8)]
Контейнер 32: [(43, 8), (20, 8)]
Контейнер 33: [(41, 8), (23, 7)]
Контейнер 34: [(40, 2), (23, 2)]
Контейнер 35: [(40, 10), (23, 10)]
Контейнер 36: [(39, 8), (25, 2)]
Контейнер 37: [(39, 1), (22, 1)]
Контейнер 38: [(39, 3), (20, 10)]
Контейнер 39: [(38, 1), (26, 3)]
Контейнер 40: [(38, 2), (26, 5)]
Контейнер 41: [(37, 5), (27, 8)]
Контейнер 42: [(36, 1), (28, 6)]
Контейнер 43: [(36, 9), (28, 2)]
Контейнер 44: [(36, 6), (28, 2)]
Контейнер 45: [(34, 9), (30, 4)]
Контейнер 46: [(31, 5), (31, 1)]
Контейнер 47: [(31, 4), (31, 7)]
Контейнер 48: [(30, 9), (26, 3)]
Контейнер 49: [(26, 8), (20, 7)]
Контейнер 50: [(20, 10), (20, 2), (19, 3)]

NFDH расписание:
Машина 1: [(64, 8), (64, 6), (63, 7), (1, 10), (62, 3), (2, 4), (61, 8), (3, 7), (60, 3), (2, 5)]
Машина 2: [(60, 8), (60, 6), (60, 8), (59, 3), (5, 2), (58, 9), (6, 4), (57, 6), (7, 3), (55, 4), (9, 3)]
Машина 3: [(55, 8), (8, 7), (54, 6), (10, 8), (54, 2), (10, 8), (52, 2), (10, 9), (51, 1), (13, 3)]
Машина 4: [(50, 7), (14, 5), (49, 10), (13, 10), (48, 3), (13, 1), (48, 10), (10, 4), (6, 1)]
Машина 5: [(47, 3), (10, 7), (7, 10), (47, 1), (10, 10), (6, 4), (47, 8), (8, 5), (8, 1)]
Машина 6: [(47, 9), (6, 7), (6, 4), (46, 7), (45, 10), (19, 7), (45, 1), (19, 8)]
Машина 7: [(45, 8), (19, 6), (44, 2), (20, 8), (43, 8), (20, 8), (41, 8), (23, 7), (40, 2), (23, 2)]
Машина 8: [(40, 10), (23, 10), (39, 8), (25, 2), (39, 1), (22, 1), (39, 3), (20, 10), (38, 1), (26, 3), (38, 2), (26, 5)]
Машина 9: [(37, 5), (27, 8), (36, 1), (28, 6), (36, 9), (28, 2), (36, 6), (28, 2), (34, 9), (30, 4), (31, 5), (31, 1)]
Машина 10: [(31, 4), (31, 7), (30, 9), (26, 3), (26, 8), (20, 7), (20, 10), (20, 2), (19, 3)]
NFDH целевая функция T(S): 61
NFDH время выполнения: 0.000085 секунд

FFDH расписание:
Машина 1: [(64, 8), (64, 6), (63, 7), (1, 10), (62, 3), (2, 4), (61, 8), (3, 7), (60, 3), (2, 5), (39, 1), (22, 1)]
Машина 2: [(60, 8), (60, 6), (60, 8), (59, 3), (5, 2), (58, 9), (6, 4), (57, 6), (7, 3), (55, 4), (9, 3), (51, 1), (13, 3), (48, 3), (13, 1)]
Машина 3: [(55, 8), (8, 7), (54, 6), (10, 8), (54, 2), (10, 8), (52, 2), (10, 9), (50, 7), (14, 5)]
Машина 4: [(49, 10), (13, 10), (48, 10), (10, 4), (6, 1), (47, 3), (10, 7), (7, 10), (46, 7)]
Машина 5: [(47, 1), (10, 10), (6, 4), (47, 8), (8, 5), (8, 1), (47, 9), (6, 7), (6, 4), (45, 1), (19, 8), (40, 2), (23, 2)]
Машина 6: [(45, 10), (19, 7), (45, 8), (19, 6), (44, 2), (20, 8), (43, 8), (20, 8), (38, 1), (26, 3)]
Машина 7: [(41, 8), (23, 7), (40, 10), (23, 10), (39, 8), (25, 2), (39, 3), (20, 10), (31, 5), (31, 1)]
Машина 8: [(38, 2), (26, 5), (37, 5), (27, 8), (36, 1), (28, 6), (36, 9), (28, 2), (36, 6), (28, 2), (34, 9), (30, 4)]
Машина 9: [(31, 4), (31, 7), (30, 9), (26, 3), (26, 8), (20, 7), (20, 10), (20, 2), (19, 3)]
FFDH целевая функция T(S): 64
FFDH время выполнения: 0.000487 секунд

Нижняя граница T'(S): 8.59
Epsilon NFDH: 609.82%
Epsilon FFDH: 644.73%
