Матрица платежей:
[[ 0.  2.  4.  6.  8. 10. 12. 14. 16. 18.]
 [ 2.  2.  4.  6.  8. 10. 12. 14. 16. 18.]
 [ 4.  4.  4.  6.  8. 10. 12. 14. 16. 18.]
 [ 6.  6.  6.  6.  8. 10. 12. 14. 16. 18.]
 [ 8.  8.  8.  8.  8. 10. 12. 14. 16. 18.]
 [10. 10. 10. 10. 10. 10. 12. 14. 16. 18.]
 [12. 12. 12. 12. 12. 12. 12. 14. 16. 18.]
 [14. 14. 14. 14. 14. 14. 14. 14. 16. 18.]
 [16. 16. 16. 16. 16. 16. 16. 16. 16. 18.]
 [18. 18. 18. 18. 18. 18. 18. 18. 18. 18.]]

Iteration 1: V = 0.000000, new_V = 15.375000, abs(new_V - V) = 15.375000, epsilon = 0.010000
Iteration 2: V = 15.375000, new_V = 13.443750, abs(new_V - V) = 1.931250, epsilon = 0.010000
Iteration 3: V = 13.443750, new_V = 16.498438, abs(new_V - V) = 3.054688, epsilon = 0.010000
Iteration 4: V = 16.498438, new_V = 15.237109, abs(new_V - V) = 1.261328, epsilon = 0.010000
Iteration 5: V = 15.237109, new_V = 15.431152, abs(new_V - V) = 0.194043, epsilon = 0.010000
Iteration 6: V = 15.431152, new_V = 11.998413, abs(new_V - V) = 3.432739, epsilon = 0.010000
Iteration 7: V = 11.998413, new_V = 14.863666, abs(new_V - V) = 2.865253, epsilon = 0.010000
Iteration 8: V = 14.863666, new_V = 10.555370, abs(new_V - V) = 4.308296, epsilon = 0.010000
Iteration 9: V = 10.555370, new_V = 9.282592, abs(new_V - V) = 1.272777, epsilon = 0.010000
Iteration 10: V = 9.282592, new_V = 11.626410, abs(new_V - V) = 2.343817, epsilon = 0.010000
Iteration 11: V = 11.626410, new_V = 14.804454, abs(new_V - V) = 3.178044, epsilon = 0.010000
Iteration 12: V = 14.804454, new_V = 16.399990, abs(new_V - V) = 1.595536, epsilon = 0.010000
Iteration 13: V = 16.399990, new_V = 14.201328, abs(new_V - V) = 2.198662, epsilon = 0.010000
Iteration 14: V = 14.201328, new_V = 15.100356, abs(new_V - V) = 0.899028, epsilon = 0.010000
Iteration 15: V = 15.100356, new_V = 14.554197, abs(new_V - V) = 0.546160, epsilon = 0.010000
Iteration 16: V = 14.554197, new_V = 16.275979, abs(new_V - V) = 1.721782, epsilon = 0.010000
Iteration 17: V = 16.275979, new_V = 17.137709, abs(new_V - V) = 0.861730, epsilon = 0.010000
Iteration 18: V = 17.137709, new_V = 16.568804, abs(new_V - V) = 0.568905, epsilon = 0.010000
Iteration 19: V = 16.568804, new_V = 17.284379, abs(new_V - V) = 0.715576, epsilon = 0.010000
Iteration 20: V = 17.284379, new_V = 17.642184, abs(new_V - V) = 0.357805, epsilon = 0.010000
Iteration 21: V = 17.642184, new_V = 17.821091, abs(new_V - V) = 0.178906, epsilon = 0.010000
Iteration 22: V = 17.821091, new_V = 17.910545, abs(new_V - V) = 0.089454, epsilon = 0.010000
Iteration 23: V = 17.910545, new_V = 17.955272, abs(new_V - V) = 0.044727, epsilon = 0.010000
Iteration 24: V = 17.955272, new_V = 17.977636, abs(new_V - V) = 0.022364, epsilon = 0.010000
Iteration 25: V = 17.977636, new_V = 17.988818, abs(new_V - V) = 0.011182, epsilon = 0.010000
Iteration 26: V = 17.988818, new_V = 17.994409, abs(new_V - V) = 0.005591, epsilon = 0.010000
Converged after 26 iterations.

Оптимальные смешанные стратегии диспетчера:
[0.210145 0.539582 0.250025 0.000004 0.000244 0.000000 0.000000 0.000000
 0.000000 0.000000]

Оптимальные смешанные стратегии ВЦ:
[0.000000 0.000000 0.000000 0.000002 0.000004 0.000000 0.000061 0.000252
 0.002075 0.997605]

Количество итераций: 26
Цена игры V: 17.988818
